<?xml version="1.0" encoding="UTF-8"?>
<testsuite xmlns:xsi="http://www.w3.org/2001/XMLSchema-instance" xsi:noNamespaceSchemaLocation="https://maven.apache.org/surefire/maven-surefire-plugin/xsd/surefire-test-report-3.0.xsd" version="3.0" name="com.example.atSpring.controller.AlunoControllerTest" time="4.026" tests="2" errors="0" skipped="0" failures="0">
  <properties>
    <property name="java.specification.version" value="17"/>
    <property name="sun.cpu.isalist" value="amd64"/>
    <property name="sun.jnu.encoding" value="MS932"/>
    <property name="java.class.path" value="C:\Users\mateu\OneDrive\Desktop\PROJETOS JAVA\atSpring\target\test-classes;C:\Users\mateu\OneDrive\Desktop\PROJETOS JAVA\atSpring\target\classes;C:\Users\mateu\.m2\repository\org\springframework\boot\spring-boot-starter-web\3.3.0\spring-boot-starter-web-3.3.0.jar;C:\Users\mateu\.m2\repository\org\springframework\boot\spring-boot-starter\3.3.0\spring-boot-starter-3.3.0.jar;C:\Users\mateu\.m2\repository\org\springframework\boot\spring-boot\3.3.0\spring-boot-3.3.0.jar;C:\Users\mateu\.m2\repository\org\springframework\boot\spring-boot-autoconfigure\3.3.0\spring-boot-autoconfigure-3.3.0.jar;C:\Users\mateu\.m2\repository\org\springframework\boot\spring-boot-starter-logging\3.3.0\spring-boot-starter-logging-3.3.0.jar;C:\Users\mateu\.m2\repository\ch\qos\logback\logback-classic\1.5.6\logback-classic-1.5.6.jar;C:\Users\mateu\.m2\repository\ch\qos\logback\logback-core\1.5.6\logback-core-1.5.6.jar;C:\Users\mateu\.m2\repository\org\apache\logging\log4j\log4j-to-slf4j\2.23.1\log4j-to-slf4j-2.23.1.jar;C:\Users\mateu\.m2\repository\org\apache\logging\log4j\log4j-api\2.23.1\log4j-api-2.23.1.jar;C:\Users\mateu\.m2\repository\org\slf4j\jul-to-slf4j\2.0.13\jul-to-slf4j-2.0.13.jar;C:\Users\mateu\.m2\repository\jakarta\annotation\jakarta.annotation-api\2.1.1\jakarta.annotation-api-2.1.1.jar;C:\Users\mateu\.m2\repository\org\yaml\snakeyaml\2.2\snakeyaml-2.2.jar;C:\Users\mateu\.m2\repository\org\springframework\boot\spring-boot-starter-json\3.3.0\spring-boot-starter-json-3.3.0.jar;C:\Users\mateu\.m2\repository\com\fasterxml\jackson\core\jackson-databind\2.17.1\jackson-databind-2.17.1.jar;C:\Users\mateu\.m2\repository\com\fasterxml\jackson\core\jackson-annotations\2.17.1\jackson-annotations-2.17.1.jar;C:\Users\mateu\.m2\repository\com\fasterxml\jackson\core\jackson-core\2.17.1\jackson-core-2.17.1.jar;C:\Users\mateu\.m2\repository\com\fasterxml\jackson\datatype\jackson-datatype-jdk8\2.17.1\jackson-datatype-jdk8-2.17.1.jar;C:\Users\mateu\.m2\repository\com\fasterxml\jackson\datatype\jackson-datatype-jsr310\2.17.1\jackson-datatype-jsr310-2.17.1.jar;C:\Users\mateu\.m2\repository\com\fasterxml\jackson\module\jackson-module-parameter-names\2.17.1\jackson-module-parameter-names-2.17.1.jar;C:\Users\mateu\.m2\repository\org\springframework\boot\spring-boot-starter-tomcat\3.3.0\spring-boot-starter-tomcat-3.3.0.jar;C:\Users\mateu\.m2\repository\org\apache\tomcat\embed\tomcat-embed-core\10.1.24\tomcat-embed-core-10.1.24.jar;C:\Users\mateu\.m2\repository\org\apache\tomcat\embed\tomcat-embed-el\10.1.24\tomcat-embed-el-10.1.24.jar;C:\Users\mateu\.m2\repository\org\apache\tomcat\embed\tomcat-embed-websocket\10.1.24\tomcat-embed-websocket-10.1.24.jar;C:\Users\mateu\.m2\repository\org\springframework\spring-web\6.1.8\spring-web-6.1.8.jar;C:\Users\mateu\.m2\repository\io\micrometer\micrometer-observation\1.13.0\micrometer-observation-1.13.0.jar;C:\Users\mateu\.m2\repository\io\micrometer\micrometer-commons\1.13.0\micrometer-commons-1.13.0.jar;C:\Users\mateu\.m2\repository\org\springframework\spring-webmvc\6.1.8\spring-webmvc-6.1.8.jar;C:\Users\mateu\.m2\repository\org\springframework\spring-expression\6.1.8\spring-expression-6.1.8.jar;C:\Users\mateu\.m2\repository\com\h2database\h2\2.2.224\h2-2.2.224.jar;C:\Users\mateu\.m2\repository\org\springframework\boot\spring-boot-starter-test\3.3.0\spring-boot-starter-test-3.3.0.jar;C:\Users\mateu\.m2\repository\org\springframework\boot\spring-boot-test\3.3.0\spring-boot-test-3.3.0.jar;C:\Users\mateu\.m2\repository\org\springframework\boot\spring-boot-test-autoconfigure\3.3.0\spring-boot-test-autoconfigure-3.3.0.jar;C:\Users\mateu\.m2\repository\com\jayway\jsonpath\json-path\2.9.0\json-path-2.9.0.jar;C:\Users\mateu\.m2\repository\org\slf4j\slf4j-api\2.0.13\slf4j-api-2.0.13.jar;C:\Users\mateu\.m2\repository\jakarta\xml\bind\jakarta.xml.bind-api\4.0.2\jakarta.xml.bind-api-4.0.2.jar;C:\Users\mateu\.m2\repository\jakarta\activation\jakarta.activation-api\2.1.3\jakarta.activation-api-2.1.3.jar;C:\Users\mateu\.m2\repository\net\minidev\json-smart\2.5.1\json-smart-2.5.1.jar;C:\Users\mateu\.m2\repository\net\minidev\accessors-smart\2.5.1\accessors-smart-2.5.1.jar;C:\Users\mateu\.m2\repository\org\ow2\asm\asm\9.6\asm-9.6.jar;C:\Users\mateu\.m2\repository\org\assertj\assertj-core\3.25.3\assertj-core-3.25.3.jar;C:\Users\mateu\.m2\repository\net\bytebuddy\byte-buddy\1.14.16\byte-buddy-1.14.16.jar;C:\Users\mateu\.m2\repository\org\awaitility\awaitility\4.2.1\awaitility-4.2.1.jar;C:\Users\mateu\.m2\repository\org\hamcrest\hamcrest\2.2\hamcrest-2.2.jar;C:\Users\mateu\.m2\repository\org\junit\jupiter\junit-jupiter\5.10.2\junit-jupiter-5.10.2.jar;C:\Users\mateu\.m2\repository\org\junit\jupiter\junit-jupiter-api\5.10.2\junit-jupiter-api-5.10.2.jar;C:\Users\mateu\.m2\repository\org\opentest4j\opentest4j\1.3.0\opentest4j-1.3.0.jar;C:\Users\mateu\.m2\repository\org\junit\platform\junit-platform-commons\1.10.2\junit-platform-commons-1.10.2.jar;C:\Users\mateu\.m2\repository\org\apiguardian\apiguardian-api\1.1.2\apiguardian-api-1.1.2.jar;C:\Users\mateu\.m2\repository\org\junit\jupiter\junit-jupiter-params\5.10.2\junit-jupiter-params-5.10.2.jar;C:\Users\mateu\.m2\repository\org\junit\jupiter\junit-jupiter-engine\5.10.2\junit-jupiter-engine-5.10.2.jar;C:\Users\mateu\.m2\repository\org\junit\platform\junit-platform-engine\1.10.2\junit-platform-engine-1.10.2.jar;C:\Users\mateu\.m2\repository\org\mockito\mockito-core\5.11.0\mockito-core-5.11.0.jar;C:\Users\mateu\.m2\repository\net\bytebuddy\byte-buddy-agent\1.14.16\byte-buddy-agent-1.14.16.jar;C:\Users\mateu\.m2\repository\org\objenesis\objenesis\3.3\objenesis-3.3.jar;C:\Users\mateu\.m2\repository\org\mockito\mockito-junit-jupiter\5.11.0\mockito-junit-jupiter-5.11.0.jar;C:\Users\mateu\.m2\repository\org\skyscreamer\jsonassert\1.5.1\jsonassert-1.5.1.jar;C:\Users\mateu\.m2\repository\com\vaadin\external\google\android-json\0.0.20131108.vaadin1\android-json-0.0.20131108.vaadin1.jar;C:\Users\mateu\.m2\repository\org\springframework\spring-core\6.1.8\spring-core-6.1.8.jar;C:\Users\mateu\.m2\repository\org\springframework\spring-jcl\6.1.8\spring-jcl-6.1.8.jar;C:\Users\mateu\.m2\repository\org\springframework\spring-test\6.1.8\spring-test-6.1.8.jar;C:\Users\mateu\.m2\repository\org\xmlunit\xmlunit-core\2.9.1\xmlunit-core-2.9.1.jar;C:\Users\mateu\.m2\repository\org\springframework\security\spring-security-test\6.3.0\spring-security-test-6.3.0.jar;C:\Users\mateu\.m2\repository\org\springframework\security\spring-security-core\6.3.0\spring-security-core-6.3.0.jar;C:\Users\mateu\.m2\repository\org\springframework\security\spring-security-crypto\6.3.0\spring-security-crypto-6.3.0.jar;C:\Users\mateu\.m2\repository\org\springframework\security\spring-security-web\6.3.0\spring-security-web-6.3.0.jar;C:\Users\mateu\.m2\repository\org\springframework\boot\spring-boot-starter-security\3.3.0\spring-boot-starter-security-3.3.0.jar;C:\Users\mateu\.m2\repository\org\springframework\spring-aop\6.1.8\spring-aop-6.1.8.jar;C:\Users\mateu\.m2\repository\org\springframework\boot\spring-boot-starter-data-jpa\3.3.0\spring-boot-starter-data-jpa-3.3.0.jar;C:\Users\mateu\.m2\repository\org\springframework\boot\spring-boot-starter-aop\3.3.0\spring-boot-starter-aop-3.3.0.jar;C:\Users\mateu\.m2\repository\org\aspectj\aspectjweaver\1.9.22\aspectjweaver-1.9.22.jar;C:\Users\mateu\.m2\repository\org\springframework\boot\spring-boot-starter-jdbc\3.3.0\spring-boot-starter-jdbc-3.3.0.jar;C:\Users\mateu\.m2\repository\com\zaxxer\HikariCP\5.1.0\HikariCP-5.1.0.jar;C:\Users\mateu\.m2\repository\org\springframework\spring-jdbc\6.1.8\spring-jdbc-6.1.8.jar;C:\Users\mateu\.m2\repository\org\hibernate\orm\hibernate-core\6.5.2.Final\hibernate-core-6.5.2.Final.jar;C:\Users\mateu\.m2\repository\jakarta\persistence\jakarta.persistence-api\3.1.0\jakarta.persistence-api-3.1.0.jar;C:\Users\mateu\.m2\repository\jakarta\transaction\jakarta.transaction-api\2.0.1\jakarta.transaction-api-2.0.1.jar;C:\Users\mateu\.m2\repository\org\jboss\logging\jboss-logging\3.5.3.Final\jboss-logging-3.5.3.Final.jar;C:\Users\mateu\.m2\repository\org\hibernate\common\hibernate-commons-annotations\6.0.6.Final\hibernate-commons-annotations-6.0.6.Final.jar;C:\Users\mateu\.m2\repository\io\smallrye\jandex\3.1.2\jandex-3.1.2.jar;C:\Users\mateu\.m2\repository\com\fasterxml\classmate\1.7.0\classmate-1.7.0.jar;C:\Users\mateu\.m2\repository\org\glassfish\jaxb\jaxb-runtime\4.0.5\jaxb-runtime-4.0.5.jar;C:\Users\mateu\.m2\repository\org\glassfish\jaxb\jaxb-core\4.0.5\jaxb-core-4.0.5.jar;C:\Users\mateu\.m2\repository\org\eclipse\angus\angus-activation\2.0.2\angus-activation-2.0.2.jar;C:\Users\mateu\.m2\repository\org\glassfish\jaxb\txw2\4.0.5\txw2-4.0.5.jar;C:\Users\mateu\.m2\repository\com\sun\istack\istack-commons-runtime\4.1.2\istack-commons-runtime-4.1.2.jar;C:\Users\mateu\.m2\repository\jakarta\inject\jakarta.inject-api\2.0.1\jakarta.inject-api-2.0.1.jar;C:\Users\mateu\.m2\repository\org\antlr\antlr4-runtime\4.13.0\antlr4-runtime-4.13.0.jar;C:\Users\mateu\.m2\repository\org\springframework\data\spring-data-jpa\3.3.0\spring-data-jpa-3.3.0.jar;C:\Users\mateu\.m2\repository\org\springframework\data\spring-data-commons\3.3.0\spring-data-commons-3.3.0.jar;C:\Users\mateu\.m2\repository\org\springframework\spring-orm\6.1.8\spring-orm-6.1.8.jar;C:\Users\mateu\.m2\repository\org\springframework\spring-tx\6.1.8\spring-tx-6.1.8.jar;C:\Users\mateu\.m2\repository\org\springframework\spring-aspects\6.1.8\spring-aspects-6.1.8.jar;C:\Users\mateu\.m2\repository\org\springframework\security\spring-security-config\6.3.0\spring-security-config-6.3.0.jar;C:\Users\mateu\.m2\repository\org\springframework\spring-beans\6.1.8\spring-beans-6.1.8.jar;C:\Users\mateu\.m2\repository\org\springframework\spring-context\6.1.8\spring-context-6.1.8.jar;"/>
    <property name="java.vm.vendor" value="Oracle Corporation"/>
    <property name="sun.arch.data.model" value="64"/>
    <property name="user.variant" value=""/>
    <property name="java.vendor.url" value="https://java.oracle.com/"/>
    <property name="user.timezone" value="America/Sao_Paulo"/>
    <property name="org.jboss.logging.provider" value="slf4j"/>
    <property name="os.name" value="Windows 10"/>
    <property name="java.vm.specification.version" value="17"/>
    <property name="sun.java.launcher" value="SUN_STANDARD"/>
    <property name="user.country" value="BR"/>
    <property name="sun.boot.library.path" value="C:\Program Files\Java\jdk-17\bin"/>
    <property name="sun.java.command" value="C:\Users\mateu\AppData\Local\Temp\surefire15180467836771123812\surefirebooter-20240615151641968_3.jar C:\Users\mateu\AppData\Local\Temp\surefire15180467836771123812 2024-06-15T15-16-41_757-jvmRun1 surefire-20240615151641968_1tmp surefire_0-20240615151641968_2tmp"/>
    <property name="jdk.debug" value="release"/>
    <property name="surefire.test.class.path" value="C:\Users\mateu\OneDrive\Desktop\PROJETOS JAVA\atSpring\target\test-classes;C:\Users\mateu\OneDrive\Desktop\PROJETOS JAVA\atSpring\target\classes;C:\Users\mateu\.m2\repository\org\springframework\boot\spring-boot-starter-web\3.3.0\spring-boot-starter-web-3.3.0.jar;C:\Users\mateu\.m2\repository\org\springframework\boot\spring-boot-starter\3.3.0\spring-boot-starter-3.3.0.jar;C:\Users\mateu\.m2\repository\org\springframework\boot\spring-boot\3.3.0\spring-boot-3.3.0.jar;C:\Users\mateu\.m2\repository\org\springframework\boot\spring-boot-autoconfigure\3.3.0\spring-boot-autoconfigure-3.3.0.jar;C:\Users\mateu\.m2\repository\org\springframework\boot\spring-boot-starter-logging\3.3.0\spring-boot-starter-logging-3.3.0.jar;C:\Users\mateu\.m2\repository\ch\qos\logback\logback-classic\1.5.6\logback-classic-1.5.6.jar;C:\Users\mateu\.m2\repository\ch\qos\logback\logback-core\1.5.6\logback-core-1.5.6.jar;C:\Users\mateu\.m2\repository\org\apache\logging\log4j\log4j-to-slf4j\2.23.1\log4j-to-slf4j-2.23.1.jar;C:\Users\mateu\.m2\repository\org\apache\logging\log4j\log4j-api\2.23.1\log4j-api-2.23.1.jar;C:\Users\mateu\.m2\repository\org\slf4j\jul-to-slf4j\2.0.13\jul-to-slf4j-2.0.13.jar;C:\Users\mateu\.m2\repository\jakarta\annotation\jakarta.annotation-api\2.1.1\jakarta.annotation-api-2.1.1.jar;C:\Users\mateu\.m2\repository\org\yaml\snakeyaml\2.2\snakeyaml-2.2.jar;C:\Users\mateu\.m2\repository\org\springframework\boot\spring-boot-starter-json\3.3.0\spring-boot-starter-json-3.3.0.jar;C:\Users\mateu\.m2\repository\com\fasterxml\jackson\core\jackson-databind\2.17.1\jackson-databind-2.17.1.jar;C:\Users\mateu\.m2\repository\com\fasterxml\jackson\core\jackson-annotations\2.17.1\jackson-annotations-2.17.1.jar;C:\Users\mateu\.m2\repository\com\fasterxml\jackson\core\jackson-core\2.17.1\jackson-core-2.17.1.jar;C:\Users\mateu\.m2\repository\com\fasterxml\jackson\datatype\jackson-datatype-jdk8\2.17.1\jackson-datatype-jdk8-2.17.1.jar;C:\Users\mateu\.m2\repository\com\fasterxml\jackson\datatype\jackson-datatype-jsr310\2.17.1\jackson-datatype-jsr310-2.17.1.jar;C:\Users\mateu\.m2\repository\com\fasterxml\jackson\module\jackson-module-parameter-names\2.17.1\jackson-module-parameter-names-2.17.1.jar;C:\Users\mateu\.m2\repository\org\springframework\boot\spring-boot-starter-tomcat\3.3.0\spring-boot-starter-tomcat-3.3.0.jar;C:\Users\mateu\.m2\repository\org\apache\tomcat\embed\tomcat-embed-core\10.1.24\tomcat-embed-core-10.1.24.jar;C:\Users\mateu\.m2\repository\org\apache\tomcat\embed\tomcat-embed-el\10.1.24\tomcat-embed-el-10.1.24.jar;C:\Users\mateu\.m2\repository\org\apache\tomcat\embed\tomcat-embed-websocket\10.1.24\tomcat-embed-websocket-10.1.24.jar;C:\Users\mateu\.m2\repository\org\springframework\spring-web\6.1.8\spring-web-6.1.8.jar;C:\Users\mateu\.m2\repository\io\micrometer\micrometer-observation\1.13.0\micrometer-observation-1.13.0.jar;C:\Users\mateu\.m2\repository\io\micrometer\micrometer-commons\1.13.0\micrometer-commons-1.13.0.jar;C:\Users\mateu\.m2\repository\org\springframework\spring-webmvc\6.1.8\spring-webmvc-6.1.8.jar;C:\Users\mateu\.m2\repository\org\springframework\spring-expression\6.1.8\spring-expression-6.1.8.jar;C:\Users\mateu\.m2\repository\com\h2database\h2\2.2.224\h2-2.2.224.jar;C:\Users\mateu\.m2\repository\org\springframework\boot\spring-boot-starter-test\3.3.0\spring-boot-starter-test-3.3.0.jar;C:\Users\mateu\.m2\repository\org\springframework\boot\spring-boot-test\3.3.0\spring-boot-test-3.3.0.jar;C:\Users\mateu\.m2\repository\org\springframework\boot\spring-boot-test-autoconfigure\3.3.0\spring-boot-test-autoconfigure-3.3.0.jar;C:\Users\mateu\.m2\repository\com\jayway\jsonpath\json-path\2.9.0\json-path-2.9.0.jar;C:\Users\mateu\.m2\repository\org\slf4j\slf4j-api\2.0.13\slf4j-api-2.0.13.jar;C:\Users\mateu\.m2\repository\jakarta\xml\bind\jakarta.xml.bind-api\4.0.2\jakarta.xml.bind-api-4.0.2.jar;C:\Users\mateu\.m2\repository\jakarta\activation\jakarta.activation-api\2.1.3\jakarta.activation-api-2.1.3.jar;C:\Users\mateu\.m2\repository\net\minidev\json-smart\2.5.1\json-smart-2.5.1.jar;C:\Users\mateu\.m2\repository\net\minidev\accessors-smart\2.5.1\accessors-smart-2.5.1.jar;C:\Users\mateu\.m2\repository\org\ow2\asm\asm\9.6\asm-9.6.jar;C:\Users\mateu\.m2\repository\org\assertj\assertj-core\3.25.3\assertj-core-3.25.3.jar;C:\Users\mateu\.m2\repository\net\bytebuddy\byte-buddy\1.14.16\byte-buddy-1.14.16.jar;C:\Users\mateu\.m2\repository\org\awaitility\awaitility\4.2.1\awaitility-4.2.1.jar;C:\Users\mateu\.m2\repository\org\hamcrest\hamcrest\2.2\hamcrest-2.2.jar;C:\Users\mateu\.m2\repository\org\junit\jupiter\junit-jupiter\5.10.2\junit-jupiter-5.10.2.jar;C:\Users\mateu\.m2\repository\org\junit\jupiter\junit-jupiter-api\5.10.2\junit-jupiter-api-5.10.2.jar;C:\Users\mateu\.m2\repository\org\opentest4j\opentest4j\1.3.0\opentest4j-1.3.0.jar;C:\Users\mateu\.m2\repository\org\junit\platform\junit-platform-commons\1.10.2\junit-platform-commons-1.10.2.jar;C:\Users\mateu\.m2\repository\org\apiguardian\apiguardian-api\1.1.2\apiguardian-api-1.1.2.jar;C:\Users\mateu\.m2\repository\org\junit\jupiter\junit-jupiter-params\5.10.2\junit-jupiter-params-5.10.2.jar;C:\Users\mateu\.m2\repository\org\junit\jupiter\junit-jupiter-engine\5.10.2\junit-jupiter-engine-5.10.2.jar;C:\Users\mateu\.m2\repository\org\junit\platform\junit-platform-engine\1.10.2\junit-platform-engine-1.10.2.jar;C:\Users\mateu\.m2\repository\org\mockito\mockito-core\5.11.0\mockito-core-5.11.0.jar;C:\Users\mateu\.m2\repository\net\bytebuddy\byte-buddy-agent\1.14.16\byte-buddy-agent-1.14.16.jar;C:\Users\mateu\.m2\repository\org\objenesis\objenesis\3.3\objenesis-3.3.jar;C:\Users\mateu\.m2\repository\org\mockito\mockito-junit-jupiter\5.11.0\mockito-junit-jupiter-5.11.0.jar;C:\Users\mateu\.m2\repository\org\skyscreamer\jsonassert\1.5.1\jsonassert-1.5.1.jar;C:\Users\mateu\.m2\repository\com\vaadin\external\google\android-json\0.0.20131108.vaadin1\android-json-0.0.20131108.vaadin1.jar;C:\Users\mateu\.m2\repository\org\springframework\spring-core\6.1.8\spring-core-6.1.8.jar;C:\Users\mateu\.m2\repository\org\springframework\spring-jcl\6.1.8\spring-jcl-6.1.8.jar;C:\Users\mateu\.m2\repository\org\springframework\spring-test\6.1.8\spring-test-6.1.8.jar;C:\Users\mateu\.m2\repository\org\xmlunit\xmlunit-core\2.9.1\xmlunit-core-2.9.1.jar;C:\Users\mateu\.m2\repository\org\springframework\security\spring-security-test\6.3.0\spring-security-test-6.3.0.jar;C:\Users\mateu\.m2\repository\org\springframework\security\spring-security-core\6.3.0\spring-security-core-6.3.0.jar;C:\Users\mateu\.m2\repository\org\springframework\security\spring-security-crypto\6.3.0\spring-security-crypto-6.3.0.jar;C:\Users\mateu\.m2\repository\org\springframework\security\spring-security-web\6.3.0\spring-security-web-6.3.0.jar;C:\Users\mateu\.m2\repository\org\springframework\boot\spring-boot-starter-security\3.3.0\spring-boot-starter-security-3.3.0.jar;C:\Users\mateu\.m2\repository\org\springframework\spring-aop\6.1.8\spring-aop-6.1.8.jar;C:\Users\mateu\.m2\repository\org\springframework\boot\spring-boot-starter-data-jpa\3.3.0\spring-boot-starter-data-jpa-3.3.0.jar;C:\Users\mateu\.m2\repository\org\springframework\boot\spring-boot-starter-aop\3.3.0\spring-boot-starter-aop-3.3.0.jar;C:\Users\mateu\.m2\repository\org\aspectj\aspectjweaver\1.9.22\aspectjweaver-1.9.22.jar;C:\Users\mateu\.m2\repository\org\springframework\boot\spring-boot-starter-jdbc\3.3.0\spring-boot-starter-jdbc-3.3.0.jar;C:\Users\mateu\.m2\repository\com\zaxxer\HikariCP\5.1.0\HikariCP-5.1.0.jar;C:\Users\mateu\.m2\repository\org\springframework\spring-jdbc\6.1.8\spring-jdbc-6.1.8.jar;C:\Users\mateu\.m2\repository\org\hibernate\orm\hibernate-core\6.5.2.Final\hibernate-core-6.5.2.Final.jar;C:\Users\mateu\.m2\repository\jakarta\persistence\jakarta.persistence-api\3.1.0\jakarta.persistence-api-3.1.0.jar;C:\Users\mateu\.m2\repository\jakarta\transaction\jakarta.transaction-api\2.0.1\jakarta.transaction-api-2.0.1.jar;C:\Users\mateu\.m2\repository\org\jboss\logging\jboss-logging\3.5.3.Final\jboss-logging-3.5.3.Final.jar;C:\Users\mateu\.m2\repository\org\hibernate\common\hibernate-commons-annotations\6.0.6.Final\hibernate-commons-annotations-6.0.6.Final.jar;C:\Users\mateu\.m2\repository\io\smallrye\jandex\3.1.2\jandex-3.1.2.jar;C:\Users\mateu\.m2\repository\com\fasterxml\classmate\1.7.0\classmate-1.7.0.jar;C:\Users\mateu\.m2\repository\org\glassfish\jaxb\jaxb-runtime\4.0.5\jaxb-runtime-4.0.5.jar;C:\Users\mateu\.m2\repository\org\glassfish\jaxb\jaxb-core\4.0.5\jaxb-core-4.0.5.jar;C:\Users\mateu\.m2\repository\org\eclipse\angus\angus-activation\2.0.2\angus-activation-2.0.2.jar;C:\Users\mateu\.m2\repository\org\glassfish\jaxb\txw2\4.0.5\txw2-4.0.5.jar;C:\Users\mateu\.m2\repository\com\sun\istack\istack-commons-runtime\4.1.2\istack-commons-runtime-4.1.2.jar;C:\Users\mateu\.m2\repository\jakarta\inject\jakarta.inject-api\2.0.1\jakarta.inject-api-2.0.1.jar;C:\Users\mateu\.m2\repository\org\antlr\antlr4-runtime\4.13.0\antlr4-runtime-4.13.0.jar;C:\Users\mateu\.m2\repository\org\springframework\data\spring-data-jpa\3.3.0\spring-data-jpa-3.3.0.jar;C:\Users\mateu\.m2\repository\org\springframework\data\spring-data-commons\3.3.0\spring-data-commons-3.3.0.jar;C:\Users\mateu\.m2\repository\org\springframework\spring-orm\6.1.8\spring-orm-6.1.8.jar;C:\Users\mateu\.m2\repository\org\springframework\spring-tx\6.1.8\spring-tx-6.1.8.jar;C:\Users\mateu\.m2\repository\org\springframework\spring-aspects\6.1.8\spring-aspects-6.1.8.jar;C:\Users\mateu\.m2\repository\org\springframework\security\spring-security-config\6.3.0\spring-security-config-6.3.0.jar;C:\Users\mateu\.m2\repository\org\springframework\spring-beans\6.1.8\spring-beans-6.1.8.jar;C:\Users\mateu\.m2\repository\org\springframework\spring-context\6.1.8\spring-context-6.1.8.jar;"/>
    <property name="sun.cpu.endian" value="little"/>
    <property name="user.home" value="C:\Users\mateu"/>
    <property name="user.language" value="pt"/>
    <property name="java.specification.vendor" value="Oracle Corporation"/>
    <property name="java.version.date" value="2024-01-16"/>
    <property name="java.home" value="C:\Program Files\Java\jdk-17"/>
    <property name="file.separator" value="\"/>
    <property name="basedir" value="C:\Users\mateu\OneDrive\Desktop\PROJETOS JAVA\atSpring"/>
    <property name="java.vm.compressedOopsMode" value="32-bit"/>
    <property name="line.separator" value="&#10;"/>
    <property name="java.vm.specification.vendor" value="Oracle Corporation"/>
    <property name="java.specification.name" value="Java Platform API Specification"/>
    <property name="FILE_LOG_CHARSET" value="windows-31j"/>
    <property name="java.awt.headless" value="true"/>
    <property name="surefire.real.class.path" value="C:\Users\mateu\AppData\Local\Temp\surefire15180467836771123812\surefirebooter-20240615151641968_3.jar"/>
    <property name="user.script" value=""/>
    <property name="sun.management.compiler" value="HotSpot 64-Bit Tiered Compilers"/>
    <property name="java.runtime.version" value="17.0.10+11-LTS-240"/>
    <property name="user.name" value="mateu"/>
    <property name="path.separator" value=";"/>
    <property name="os.version" value="10.0"/>
    <property name="java.runtime.name" value="Java(TM) SE Runtime Environment"/>
    <property name="file.encoding" value="MS932"/>
    <property name="java.vm.name" value="Java HotSpot(TM) 64-Bit Server VM"/>
    <property name="localRepository" value="C:\Users\mateu\.m2\repository"/>
    <property name="java.vendor.url.bug" value="https://bugreport.java.com/bugreport/"/>
    <property name="java.io.tmpdir" value="C:\Users\mateu\AppData\Local\Temp\"/>
    <property name="idea.version" value="2024.1.1"/>
    <property name="com.zaxxer.hikari.pool_number" value="2"/>
    <property name="java.version" value="17.0.10"/>
    <property name="user.dir" value="C:\Users\mateu\OneDrive\Desktop\PROJETOS JAVA\atSpring"/>
    <property name="os.arch" value="amd64"/>
    <property name="java.vm.specification.name" value="Java Virtual Machine Specification"/>
    <property name="PID" value="20620"/>
    <property name="sun.os.patch.level" value=""/>
    <property name="CONSOLE_LOG_CHARSET" value="windows-31j"/>
    <property name="native.encoding" value="MS932"/>
    <property name="java.library.path" value="C:\Program Files\Java\jdk-17\bin;C:\WINDOWS\Sun\Java\bin;C:\WINDOWS\system32;C:\WINDOWS;C:\Program Files\Common Files\Oracle\Java\javapath;C:\Program Files (x86)\Razer Chroma SDK\bin;C:\Program Files\Razer Chroma SDK\bin;C:\Program Files (x86)\Razer\ChromaBroadcast\bin;C:\Program Files\Razer\ChromaBroadcast\bin;C:\Program Files\Oculus\Support\oculus-runtime;C:\Program Files (x86)\Common Files\Oracle\Java\javapath;C:\Windows\System32;C:\Windows\system32;C:\Windows;C:\Windows\System32\Wbem;C:\Windows\System32\WindowsPowerShell\v1.0\;C:\Windows\System32\OpenSSH\;C:\Program Files (x86)\NVIDIA Corporation\PhysX\Common;C:\Program Files\NVIDIA Corporation\NVIDIA NvDLISR;C:\Program Files\Git\cmd;C:\Program Files\Microsoft SQL Server\Client SDK\ODBC\170\Tools\Binn\;C:\Program Files (x86)\Microsoft SQL Server\150\Tools\Binn\;C:\Program Files\Microsoft SQL Server\150\Tools\Binn\;C:\Program Files\Microsoft SQL Server\150\DTS\Binn\;C:\Program Files (x86)\Microsoft SQL Server\150\DTS\Binn\;C:\WINDOWS\system32;C:\WINDOWS;C:\WINDOWS\System32\Wbem;C:\WINDOWS\System32\WindowsPowerShell\v1.0\;C:\WINDOWS\System32\OpenSSH\;C:\Program Files\dotnet\;C:\Program Files\Microsoft SQL Server\130\Tools\Binn\;C:\PROGRA~2\JPSoft\4dos;C:\Users\mateu\AppData\Local\Microsoft\WindowsApps;C:\Users\mateu\AppData\Local\Programs\Microsoft VS Code\bin;C:\Users\mateu\AppData\Roaming\npm;C:\Program Files (x86)\Nmap;C:\Users\mateu\AppData\Local\Microsoft\WindowsApps;C:\Program Files\nodejs\;C:\Users\mateu\AppData\Local\Microsoft\WindowsApps;C:\Users\mateu\AppData\Local\Programs\Microsoft VS Code\bin;C:\Program Files\nodejs;C:\Program Files (x86)\Nmap;;C:\Program Files\Azure Data Studio\bin;C:\Users\mateu\AppData\Local\Microsoft\WindowsApps;C:\Program Files\JetBrains\IntelliJ IDEA 2024.1.1\bin;;C:\Users\mateu\AppData\Roaming\npm;."/>
    <property name="java.vm.info" value="mixed mode, sharing"/>
    <property name="java.vendor" value="Oracle Corporation"/>
    <property name="java.vm.version" value="17.0.10+11-LTS-240"/>
    <property name="sun.io.unicode.encoding" value="UnicodeLittle"/>
    <property name="java.class.version" value="61.0"/>
    <property name="LOGGED_APPLICATION_NAME" value="[atSpring] "/>
  </properties>
  <testcase name="testAddAluno" classname="com.example.atSpring.controller.AlunoControllerTest" time="0.66">
    <system-out><![CDATA[2024-06-15T15:16:51.167-03:00  INFO 20620 --- [atSpring] [           main] t.c.s.AnnotationConfigContextLoaderUtils : Could not detect default configuration classes for test class [com.example.atSpring.controller.AlunoControllerTest]: AlunoControllerTest does not declare any static, non-private, non-final, nested classes annotated with @Configuration.
2024-06-15T15:16:51.225-03:00  INFO 20620 --- [atSpring] [           main] .b.t.c.SpringBootTestContextBootstrapper : Found @SpringBootConfiguration com.example.atSpring.AtSpringApplication for test class com.example.atSpring.controller.AlunoControllerTest
  .   ____          _            __ _ _
 /\\ / ___'_ __ _ _(_)_ __  __ _ \ \ \ \
( ( )\___ | '_ | '_| | '_ \/ _` | \ \ \ \
 \\/  ___)| |_)| | | | | || (_| |  ) ) ) )
  '  |____| .__|_| |_|_| |_\__, | / / / /
 =========|_|==============|___/=/_/_/_/

 :: Spring Boot ::                (v3.3.0)

2024-06-15T15:16:51.279-03:00  INFO 20620 --- [atSpring] [           main] c.e.a.controller.AlunoControllerTest     : Starting AlunoControllerTest using Java 17.0.10 with PID 20620 (started by mateu in C:\Users\mateu\OneDrive\Desktop\PROJETOS JAVA\atSpring)
2024-06-15T15:16:51.279-03:00  INFO 20620 --- [atSpring] [           main] c.e.a.controller.AlunoControllerTest     : No active profile set, falling back to 1 default profile: "default"
2024-06-15T15:16:51.649-03:00  INFO 20620 --- [atSpring] [           main] .s.d.r.c.RepositoryConfigurationDelegate : Bootstrapping Spring Data JPA repositories in DEFAULT mode.
2024-06-15T15:16:51.672-03:00  INFO 20620 --- [atSpring] [           main] .s.d.r.c.RepositoryConfigurationDelegate : Finished Spring Data repository scanning in 23 ms. Found 4 JPA repository interfaces.
2024-06-15T15:16:52.184-03:00  INFO 20620 --- [atSpring] [           main] com.zaxxer.hikari.HikariDataSource       : HikariPool-2 - Starting...
2024-06-15T15:16:52.186-03:00  INFO 20620 --- [atSpring] [           main] com.zaxxer.hikari.pool.HikariPool        : HikariPool-2 - Added connection conn10: url=jdbc:h2:mem:testdb user=ADMIN
2024-06-15T15:16:52.187-03:00  INFO 20620 --- [atSpring] [           main] com.zaxxer.hikari.HikariDataSource       : HikariPool-2 - Start completed.
2024-06-15T15:16:52.194-03:00  INFO 20620 --- [atSpring] [           main] o.hibernate.jpa.internal.util.LogHelper  : HHH000204: Processing PersistenceUnitInfo [name: default]
2024-06-15T15:16:52.213-03:00  INFO 20620 --- [atSpring] [           main] o.h.c.internal.RegionFactoryInitiator    : HHH000026: Second-level cache disabled
2024-06-15T15:16:52.263-03:00  INFO 20620 --- [atSpring] [           main] o.s.o.j.p.SpringPersistenceUnitInfo      : No LoadTimeWeaver setup: ignoring JPA class transformer
2024-06-15T15:16:52.266-03:00  WARN 20620 --- [atSpring] [           main] org.hibernate.orm.deprecation            : HHH90000025: H2Dialect does not need to be specified explicitly using 'hibernate.dialect' (remove the property setting and it will be selected by default)
2024-06-15T15:16:52.718-03:00  INFO 20620 --- [atSpring] [           main] o.h.e.t.j.p.i.JtaPlatformInitiator       : HHH000489: No JTA platform available (set 'hibernate.transaction.jta.platform' to enable JTA platform integration)
2024-06-15T15:16:52.752-03:00  INFO 20620 --- [atSpring] [           main] j.LocalContainerEntityManagerFactoryBean : Initialized JPA EntityManagerFactory for persistence unit 'default'
2024-06-15T15:16:53.033-03:00  WARN 20620 --- [atSpring] [           main] JpaBaseConfiguration$JpaWebConfiguration : spring.jpa.open-in-view is enabled by default. Therefore, database queries may be performed during view rendering. Explicitly configure spring.jpa.open-in-view to disable this warning
2024-06-15T15:16:53.063-03:00  WARN 20620 --- [atSpring] [           main] o.s.security.core.userdetails.User       : User.withDefaultPasswordEncoder() is considered unsafe for production and is only intended for sample applications.
2024-06-15T15:16:53.361-03:00  INFO 20620 --- [atSpring] [           main] r$InitializeUserDetailsManagerConfigurer : Global AuthenticationManager configured with UserDetailsService bean with name userDetailsService
2024-06-15T15:16:53.555-03:00  INFO 20620 --- [atSpring] [           main] o.s.s.web.DefaultSecurityFilterChain     : Will secure any request with [org.springframework.security.web.session.DisableEncodeUrlFilter@198c97d0, org.springframework.security.web.context.request.async.WebAsyncManagerIntegrationFilter@25e9f5e6, org.springframework.security.web.context.SecurityContextHolderFilter@d6d88b1, org.springframework.security.web.header.HeaderWriterFilter@59ffb0af, org.springframework.web.filter.CorsFilter@512319dc, org.springframework.web.filter.CharacterEncodingFilter@6bc45472, org.springframework.security.web.authentication.logout.LogoutFilter@47858d7c, org.springframework.security.web.authentication.UsernamePasswordAuthenticationFilter@72090a80, org.springframework.security.web.authentication.ui.DefaultLoginPageGeneratingFilter@7197b96c, org.springframework.security.web.authentication.ui.DefaultLogoutPageGeneratingFilter@160b7ccd, org.springframework.security.web.savedrequest.RequestCacheAwareFilter@1268ac94, org.springframework.security.web.servletapi.SecurityContextHolderAwareRequestFilter@55c901b2, org.springframework.security.web.authentication.AnonymousAuthenticationFilter@7c27ed2f, org.springframework.security.web.access.ExceptionTranslationFilter@1d2b49b2, org.springframework.security.web.access.intercept.AuthorizationFilter@16cc5e51]
2024-06-15T15:16:54.231-03:00  INFO 20620 --- [atSpring] [           main] o.s.b.a.h2.H2ConsoleAutoConfiguration    : H2 console available at '/h2-console'. Database available at 'jdbc:h2:mem:testdb'
2024-06-15T15:16:54.420-03:00  INFO 20620 --- [atSpring] [           main] o.s.b.t.m.w.SpringBootMockServletContext : Initializing Spring TestDispatcherServlet ''
2024-06-15T15:16:54.420-03:00  INFO 20620 --- [atSpring] [           main] o.s.t.web.servlet.TestDispatcherServlet  : Initializing Servlet ''
2024-06-15T15:16:54.424-03:00  INFO 20620 --- [atSpring] [           main] o.s.t.web.servlet.TestDispatcherServlet  : Completed initialization in 4 ms
2024-06-15T15:16:54.456-03:00  INFO 20620 --- [atSpring] [           main] c.e.a.controller.AlunoControllerTest     : Started AlunoControllerTest in 3.22 seconds (process running for 12.199)
2024-06-15T15:16:54.731-03:00 DEBUG 20620 --- [atSpring] [           main] w.c.HttpSessionSecurityContextRepository : Created HttpSession as SecurityContext is non-default
2024-06-15T15:16:54.732-03:00 DEBUG 20620 --- [atSpring] [           main] w.c.HttpSessionSecurityContextRepository : Stored SecurityContextImpl [Authentication=UsernamePasswordAuthenticationToken [Principal=org.springframework.security.core.userdetails.User [Username=user, Password=[PROTECTED], Enabled=true, AccountNonExpired=true, CredentialsNonExpired=true, AccountNonLocked=true, Granted Authorities=[ROLE_USER]], Credentials=[PROTECTED], Authenticated=true, Details=null, Granted Authorities=[ROLE_USER]]] to HttpSession [org.springframework.mock.web.MockHttpSession@5a85f41b]
2024-06-15T15:16:54.775-03:00 DEBUG 20620 --- [atSpring] [           main] o.s.security.web.FilterChainProxy        : Securing POST /alunos
2024-06-15T15:16:54.794-03:00 DEBUG 20620 --- [atSpring] [           main] o.s.security.web.FilterChainProxy        : Secured POST /alunos
2024-06-15T15:16:55.067-03:00 DEBUG 20620 --- [atSpring] [           main] w.c.HttpSessionSecurityContextRepository : Retrieved SecurityContextImpl [Authentication=UsernamePasswordAuthenticationToken [Principal=org.springframework.security.core.userdetails.User [Username=user, Password=[PROTECTED], Enabled=true, AccountNonExpired=true, CredentialsNonExpired=true, AccountNonLocked=true, Granted Authorities=[ROLE_USER]], Credentials=[PROTECTED], Authenticated=true, Details=null, Granted Authorities=[ROLE_USER]]]
]]></system-out>
  </testcase>
  <testcase name="testGetAllAlunos" classname="com.example.atSpring.controller.AlunoControllerTest" time="0.043">
    <system-out><![CDATA[2024-06-15T15:16:55.167-03:00 DEBUG 20620 --- [atSpring] [           main] w.c.HttpSessionSecurityContextRepository : Created HttpSession as SecurityContext is non-default
2024-06-15T15:16:55.167-03:00 DEBUG 20620 --- [atSpring] [           main] w.c.HttpSessionSecurityContextRepository : Stored SecurityContextImpl [Authentication=UsernamePasswordAuthenticationToken [Principal=org.springframework.security.core.userdetails.User [Username=user, Password=[PROTECTED], Enabled=true, AccountNonExpired=true, CredentialsNonExpired=true, AccountNonLocked=true, Granted Authorities=[ROLE_USER]], Credentials=[PROTECTED], Authenticated=true, Details=null, Granted Authorities=[ROLE_USER]]] to HttpSession [org.springframework.mock.web.MockHttpSession@26a5007]
2024-06-15T15:16:55.168-03:00 DEBUG 20620 --- [atSpring] [           main] o.s.security.web.FilterChainProxy        : Securing GET /alunos
2024-06-15T15:16:55.169-03:00 DEBUG 20620 --- [atSpring] [           main] o.s.security.web.FilterChainProxy        : Secured GET /alunos
2024-06-15T15:16:55.176-03:00 DEBUG 20620 --- [atSpring] [           main] w.c.HttpSessionSecurityContextRepository : Retrieved SecurityContextImpl [Authentication=UsernamePasswordAuthenticationToken [Principal=org.springframework.security.core.userdetails.User [Username=user, Password=[PROTECTED], Enabled=true, AccountNonExpired=true, CredentialsNonExpired=true, AccountNonLocked=true, Granted Authorities=[ROLE_USER]], Credentials=[PROTECTED], Authenticated=true, Details=null, Granted Authorities=[ROLE_USER]]]
]]></system-out>
  </testcase>
</testsuite>